Using pre-set license
Built from '2020.3/staging' branch; Version is '2020.3.10f1 (297d780c91bc) revision 2719096'; Using compiler version '192528614'; Build Type 'Release'
OS: 'Windows 10 Home; OS build 19043.1288; Version 2009; 64bit' Language: 'tr' Physical Memory: 8060 MB
BatchMode: 1, IsHumanControllingUs: 0, StartBugReporterOnCrash: 0, Is64bit: 1, IsPro: 0

 COMMAND LINE ARGUMENTS:
C:\Program Files\Unity\Hub\Editor\2020.3.10f1\Editor\Unity.exe
-adb2
-batchMode
-noUpm
-name
AssetImportWorker0
-projectPath
C:/Users/mertcan/Desktop/unity/unityTutorial/unity 3D/escape from the planet/Escape From The Planet
-logFile
Logs/AssetImportWorker0.log
-srvPort
60980
Successfully changed project path to: C:/Users/mertcan/Desktop/unity/unityTutorial/unity 3D/escape from the planet/Escape From The Planet
C:/Users/mertcan/Desktop/unity/unityTutorial/unity 3D/escape from the planet/Escape From The Planet
Using Asset Import Pipeline V2.
Refreshing native plugins compatible for Editor in 35.83 ms, found 2 plugins.
Preloading 0 native plugins for Editor in 0.00 ms.
Initialize engine version: 2020.3.10f1 (297d780c91bc)
[Subsystems] Discovering subsystems at path C:/Program Files/Unity/Hub/Editor/2020.3.10f1/Editor/Data/Resources/UnitySubsystems
[Subsystems] Discovering subsystems at path C:/Users/mertcan/Desktop/unity/unityTutorial/unity 3D/escape from the planet/Escape From The Planet/Assets
GfxDevice: creating device client; threaded=0
Direct3D:
    Version:  Direct3D 11.0 [level 11.0]
    Renderer: NVIDIA GeForce GTX 960M (ID=0x139b)
    Vendor:   
    VRAM:     4055 MB
    Driver:   27.21.14.6079
Initialize mono
Mono path[0] = 'C:/Program Files/Unity/Hub/Editor/2020.3.10f1/Editor/Data/Managed'
Mono path[1] = 'C:/Program Files/Unity/Hub/Editor/2020.3.10f1/Editor/Data/MonoBleedingEdge/lib/mono/unityjit'
Mono config path = 'C:/Program Files/Unity/Hub/Editor/2020.3.10f1/Editor/Data/MonoBleedingEdge/etc'
Using monoOptions --debugger-agent=transport=dt_socket,embedding=1,server=y,suspend=n,address=127.0.0.1:56128
Begin MonoManager ReloadAssembly
Registering precompiled unity dll's ...
Register platform support module: C:/Program Files/Unity/Hub/Editor/2020.3.10f1/Editor/Data/PlaybackEngines/WindowsStandaloneSupport/UnityEditor.WindowsStandalone.Extensions.dll
Registered in 0.004163 seconds.
Native extension for WindowsStandalone target not found
Refreshing native plugins compatible for Editor in 39.86 ms, found 2 plugins.
Preloading 0 native plugins for Editor in 0.00 ms.
Mono: successfully reloaded assembly
- Completed reload, in  1.538 seconds
Platform modules already initialized, skipping
Registering precompiled user dll's ...
Registered in 0.007733 seconds.
Begin MonoManager ReloadAssembly
Native extension for WindowsStandalone target not found
Refreshing native plugins compatible for Editor in 0.46 ms, found 2 plugins.
Preloading 0 native plugins for Editor in 0.00 ms.
Mono: successfully reloaded assembly
- Completed reload, in  1.523 seconds
Platform modules already initialized, skipping
========================================================================
Worker process is ready to serve import requests
Launched and connected shader compiler UnityShaderCompiler.exe after 0.24 seconds
Refreshing native plugins compatible for Editor in 0.52 ms, found 2 plugins.
Preloading 0 native plugins for Editor in 0.00 ms.
Unloading 1387 Unused Serialized files (Serialized files now loaded: 0)
System memory in use before: 65.2 MB.
System memory in use after: 65.3 MB.

Unloading 19 unused Assets to reduce memory usage. Loaded Objects now: 1820.
Total: 2.637300 ms (FindLiveObjects: 0.243700 ms CreateObjectMapping: 0.091700 ms MarkObjects: 2.153100 ms  DeleteObjects: 0.147900 ms)

========================================================================
Received Import Request.
  path: Assets/scripts/Movement.cs
  artifactKey: Guid(fc6ece372a3695f47bb0d35c9bf8ddcb) Importer(815301076,1909f56bfc062723c751e8b465ee728b)
Start importing Assets/scripts/Movement.cs using Guid(fc6ece372a3695f47bb0d35c9bf8ddcb) Importer(815301076,1909f56bfc062723c751e8b465ee728b)  -> (artifact id: '4a06696972a20dbdf4a89d4154a73e9d') in 0.198860 seconds
  Import took 0.224549 seconds .

========================================================================
Received Prepare
Refreshing native plugins compatible for Editor in 4.37 ms, found 2 plugins.
Preloading 0 native plugins for Editor in 0.00 ms.
Unloading 12 Unused Serialized files (Serialized files now loaded: 0)
System memory in use before: 37.4 MB.
System memory in use after: 37.5 MB.

Unloading 12 unused Assets to reduce memory usage. Loaded Objects now: 1820.
Total: 2.723500 ms (FindLiveObjects: 0.165200 ms CreateObjectMapping: 0.048200 ms MarkObjects: 2.364700 ms  DeleteObjects: 0.144600 ms)

========================================================================
Received Prepare
Registering precompiled user dll's ...
Registered in 0.112536 seconds.
Begin MonoManager ReloadAssembly
Native extension for WindowsStandalone target not found
Refreshing native plugins compatible for Editor in 0.51 ms, found 2 plugins.
Preloading 0 native plugins for Editor in 0.00 ms.
Mono: successfully reloaded assembly
- Completed reload, in  1.861 seconds
Platform modules already initialized, skipping
Refreshing native plugins compatible for Editor in 0.63 ms, found 2 plugins.
Preloading 0 native plugins for Editor in 0.00 ms.
Unloading 1382 Unused Serialized files (Serialized files now loaded: 0)
System memory in use before: 65.2 MB.
System memory in use after: 65.2 MB.

Unloading 14 unused Assets to reduce memory usage. Loaded Objects now: 1823.
Total: 5.774100 ms (FindLiveObjects: 0.208000 ms CreateObjectMapping: 0.067300 ms MarkObjects: 5.390300 ms  DeleteObjects: 0.106300 ms)

========================================================================
Received Import Request.
  Time since last request: 419.758768 seconds.
  path: Assets/scripts/Movement.cs
  artifactKey: Guid(fc6ece372a3695f47bb0d35c9bf8ddcb) Importer(815301076,1909f56bfc062723c751e8b465ee728b)
Start importing Assets/scripts/Movement.cs using Guid(fc6ece372a3695f47bb0d35c9bf8ddcb) Importer(815301076,1909f56bfc062723c751e8b465ee728b)  -> (artifact id: '8f264b69e191f695c88c0232aa76c1e9') in 0.035701 seconds
  Import took 0.057806 seconds .

========================================================================
Received Prepare
Registering precompiled user dll's ...
Registered in 0.007943 seconds.
Begin MonoManager ReloadAssembly
Native extension for WindowsStandalone target not found
Refreshing native plugins compatible for Editor in 0.42 ms, found 2 plugins.
Preloading 0 native plugins for Editor in 0.00 ms.
Mono: successfully reloaded assembly
- Completed reload, in  1.563 seconds
Platform modules already initialized, skipping
Refreshing native plugins compatible for Editor in 0.50 ms, found 2 plugins.
Preloading 0 native plugins for Editor in 0.00 ms.
Unloading 1382 Unused Serialized files (Serialized files now loaded: 0)
System memory in use before: 65.2 MB.
System memory in use after: 65.3 MB.

Unloading 14 unused Assets to reduce memory usage. Loaded Objects now: 1826.
Total: 2.698300 ms (FindLiveObjects: 0.174300 ms CreateObjectMapping: 0.043400 ms MarkObjects: 2.354900 ms  DeleteObjects: 0.124800 ms)

========================================================================
Received Prepare
Registering precompiled user dll's ...
Registered in 0.007855 seconds.
Begin MonoManager ReloadAssembly
Native extension for WindowsStandalone target not found
Refreshing native plugins compatible for Editor in 0.31 ms, found 2 plugins.
Preloading 0 native plugins for Editor in 0.00 ms.
Mono: successfully reloaded assembly
- Completed reload, in  1.665 seconds
Platform modules already initialized, skipping
Refreshing native plugins compatible for Editor in 0.43 ms, found 2 plugins.
Preloading 0 native plugins for Editor in 0.00 ms.
Unloading 1382 Unused Serialized files (Serialized files now loaded: 0)
System memory in use before: 65.2 MB.
System memory in use after: 65.3 MB.

Unloading 14 unused Assets to reduce memory usage. Loaded Objects now: 1829.
Total: 4.394700 ms (FindLiveObjects: 0.575000 ms CreateObjectMapping: 1.112800 ms MarkObjects: 2.623200 ms  DeleteObjects: 0.079700 ms)

========================================================================
Received Prepare
Registering precompiled user dll's ...
Registered in 0.009296 seconds.
Begin MonoManager ReloadAssembly
Native extension for WindowsStandalone target not found
Refreshing native plugins compatible for Editor in 0.40 ms, found 2 plugins.
Preloading 0 native plugins for Editor in 0.00 ms.
Mono: successfully reloaded assembly
- Completed reload, in  1.408 seconds
Platform modules already initialized, skipping
Refreshing native plugins compatible for Editor in 0.34 ms, found 2 plugins.
Preloading 0 native plugins for Editor in 0.00 ms.
Unloading 1382 Unused Serialized files (Serialized files now loaded: 0)
System memory in use before: 65.2 MB.
System memory in use after: 65.3 MB.

Unloading 14 unused Assets to reduce memory usage. Loaded Objects now: 1832.
Total: 4.150800 ms (FindLiveObjects: 0.245100 ms CreateObjectMapping: 0.046300 ms MarkObjects: 3.681800 ms  DeleteObjects: 0.176200 ms)

========================================================================
Received Prepare
Registering precompiled user dll's ...
Registered in 0.007038 seconds.
Begin MonoManager ReloadAssembly
Native extension for WindowsStandalone target not found
Refreshing native plugins compatible for Editor in 0.39 ms, found 2 plugins.
Preloading 0 native plugins for Editor in 0.00 ms.
Mono: successfully reloaded assembly
- Completed reload, in  1.491 seconds
Platform modules already initialized, skipping
Refreshing native plugins compatible for Editor in 0.31 ms, found 2 plugins.
Preloading 0 native plugins for Editor in 0.00 ms.
Unloading 1382 Unused Serialized files (Serialized files now loaded: 0)
System memory in use before: 65.2 MB.
System memory in use after: 65.3 MB.

Unloading 14 unused Assets to reduce memory usage. Loaded Objects now: 1835.
Total: 2.571200 ms (FindLiveObjects: 0.160000 ms CreateObjectMapping: 0.047900 ms MarkObjects: 2.260800 ms  DeleteObjects: 0.101700 ms)

========================================================================
Received Prepare
Registering precompiled user dll's ...
Registered in 0.007933 seconds.
Begin MonoManager ReloadAssembly
Native extension for WindowsStandalone target not found
Refreshing native plugins compatible for Editor in 0.36 ms, found 2 plugins.
Preloading 0 native plugins for Editor in 0.00 ms.
Mono: successfully reloaded assembly
- Completed reload, in  1.410 seconds
Platform modules already initialized, skipping
Refreshing native plugins compatible for Editor in 0.36 ms, found 2 plugins.
Preloading 0 native plugins for Editor in 0.00 ms.
Unloading 1382 Unused Serialized files (Serialized files now loaded: 0)
System memory in use before: 65.2 MB.
System memory in use after: 65.3 MB.

Unloading 14 unused Assets to reduce memory usage. Loaded Objects now: 1838.
Total: 2.385000 ms (FindLiveObjects: 0.167200 ms CreateObjectMapping: 0.045700 ms MarkObjects: 2.074000 ms  DeleteObjects: 0.097300 ms)

========================================================================
Received Import Request.
  Time since last request: 1465.708655 seconds.
  path: Assets/prefabs/rocket.prefab
  artifactKey: Guid(f5172bd85c74fc94c93e8153959b80d7) Importer(815301076,1909f56bfc062723c751e8b465ee728b)
Start importing Assets/prefabs/rocket.prefab using Guid(f5172bd85c74fc94c93e8153959b80d7) Importer(815301076,1909f56bfc062723c751e8b465ee728b)  -> (artifact id: 'ccab5990588538cca326358cb1b4ccaa') in 0.329973 seconds
  Import took 0.334867 seconds .

========================================================================
Received Import Request.
  Time since last request: 260.104168 seconds.
  path: Assets/prefabs/Obstacle.prefab
  artifactKey: Guid(784803c648bcd6949a231431affc0c4e) Importer(815301076,1909f56bfc062723c751e8b465ee728b)
Start importing Assets/prefabs/Obstacle.prefab using Guid(784803c648bcd6949a231431affc0c4e) Importer(815301076,1909f56bfc062723c751e8b465ee728b)  -> (artifact id: '6f876adf2b432ed5da4e92b02e67b83c') in 0.036814 seconds
  Import took 0.043906 seconds .

========================================================================
Received Import Request.
  Time since last request: 0.012077 seconds.
  path: Assets/prefabs/Obstacle.prefab
  artifactKey: Guid(784803c648bcd6949a231431affc0c4e) Importer(815301076,1909f56bfc062723c751e8b465ee728b)
Start importing Assets/prefabs/Obstacle.prefab using Guid(784803c648bcd6949a231431affc0c4e) Importer(815301076,1909f56bfc062723c751e8b465ee728b)  -> (artifact id: '6f876adf2b432ed5da4e92b02e67b83c') in 0.021219 seconds
  Import took 0.026150 seconds .

========================================================================
Received Import Request.
  Time since last request: 13.048467 seconds.
  path: Assets/Materials/Ground.mat
  artifactKey: Guid(c2f9fc8688a3542488938d698bb8f4dd) Importer(815301076,1909f56bfc062723c751e8b465ee728b)
Start importing Assets/Materials/Ground.mat using Guid(c2f9fc8688a3542488938d698bb8f4dd) Importer(815301076,1909f56bfc062723c751e8b465ee728b)  -> (artifact id: '96fdb32732b8d7f0e30dedbd3d0ac749') in 0.374438 seconds
  Import took 0.394798 seconds .

========================================================================
Received Import Request.
  Time since last request: 0.000342 seconds.
  path: Assets/Materials/rocket.mat
  artifactKey: Guid(6490bacb68d09b34a8aa4921579d2f15) Importer(815301076,1909f56bfc062723c751e8b465ee728b)
Start importing Assets/Materials/rocket.mat using Guid(6490bacb68d09b34a8aa4921579d2f15) Importer(815301076,1909f56bfc062723c751e8b465ee728b)  -> (artifact id: '89d7692fc0c272f456b0b40e2ea58ca6') in 0.022991 seconds
  Import took 0.048606 seconds .

========================================================================
Received Import Request.
  Time since last request: 6.728913 seconds.
  path: Assets/Materials/New Material.mat
  artifactKey: Guid(21683e3e6ec5eb44984bdf8088ac2aa3) Importer(815301076,1909f56bfc062723c751e8b465ee728b)
Start importing Assets/Materials/New Material.mat using Guid(21683e3e6ec5eb44984bdf8088ac2aa3) Importer(815301076,1909f56bfc062723c751e8b465ee728b)  -> (artifact id: '6ce30934f84771dfab8622f5ce68c3ad') in 0.048320 seconds
  Import took 0.055474 seconds .

========================================================================
Received Import Request.
  Time since last request: 0.013624 seconds.
  path: Assets/Materials/New Material.mat
  artifactKey: Guid(21683e3e6ec5eb44984bdf8088ac2aa3) Importer(815301076,1909f56bfc062723c751e8b465ee728b)
Start importing Assets/Materials/New Material.mat using Guid(21683e3e6ec5eb44984bdf8088ac2aa3) Importer(815301076,1909f56bfc062723c751e8b465ee728b)  -> (artifact id: '6ce30934f84771dfab8622f5ce68c3ad') in 0.024439 seconds
  Import took 0.033368 seconds .

========================================================================
Received Import Request.
  Time since last request: 10.964564 seconds.
  path: Assets/Materials/Obstacle.mat
  artifactKey: Guid(21683e3e6ec5eb44984bdf8088ac2aa3) Importer(815301076,1909f56bfc062723c751e8b465ee728b)
Start importing Assets/Materials/Obstacle.mat using Guid(21683e3e6ec5eb44984bdf8088ac2aa3) Importer(815301076,1909f56bfc062723c751e8b465ee728b)  -> (artifact id: 'ff8f7f78c2f057bf0788ef0e4f6fed0c') in 0.019498 seconds
  Import took 0.023691 seconds .

========================================================================
Received Prepare
Registering precompiled user dll's ...
Registered in 0.008358 seconds.
Begin MonoManager ReloadAssembly
Native extension for WindowsStandalone target not found
Refreshing native plugins compatible for Editor in 0.33 ms, found 2 plugins.
Preloading 0 native plugins for Editor in 0.00 ms.
Mono: successfully reloaded assembly
- Completed reload, in  1.417 seconds
Platform modules already initialized, skipping
Refreshing native plugins compatible for Editor in 0.32 ms, found 2 plugins.
Preloading 0 native plugins for Editor in 0.00 ms.
Unloading 1382 Unused Serialized files (Serialized files now loaded: 0)
System memory in use before: 68.6 MB.
System memory in use after: 68.7 MB.

Unloading 15 unused Assets to reduce memory usage. Loaded Objects now: 1882.
Total: 2.279800 ms (FindLiveObjects: 0.174300 ms CreateObjectMapping: 0.050300 ms MarkObjects: 1.919700 ms  DeleteObjects: 0.134600 ms)

========================================================================
Received Prepare
Registering precompiled user dll's ...
Registered in 0.010507 seconds.
Begin MonoManager ReloadAssembly
Native extension for WindowsStandalone target not found
Refreshing native plugins compatible for Editor in 0.59 ms, found 2 plugins.
Preloading 0 native plugins for Editor in 0.00 ms.
Mono: successfully reloaded assembly
- Completed reload, in  1.316 seconds
Platform modules already initialized, skipping
Refreshing native plugins compatible for Editor in 0.35 ms, found 2 plugins.
Preloading 0 native plugins for Editor in 0.00 ms.
Unloading 1382 Unused Serialized files (Serialized files now loaded: 0)
System memory in use before: 68.6 MB.
System memory in use after: 68.7 MB.

Unloading 14 unused Assets to reduce memory usage. Loaded Objects now: 1885.
Total: 2.513100 ms (FindLiveObjects: 0.175500 ms CreateObjectMapping: 0.048700 ms MarkObjects: 2.209600 ms  DeleteObjects: 0.075600 ms)

========================================================================
Received Prepare
Registering precompiled user dll's ...
Registered in 0.010331 seconds.
Begin MonoManager ReloadAssembly
Native extension for WindowsStandalone target not found
Refreshing native plugins compatible for Editor in 0.50 ms, found 2 plugins.
Preloading 0 native plugins for Editor in 0.00 ms.
Mono: successfully reloaded assembly
- Completed reload, in  1.384 seconds
Platform modules already initialized, skipping
Refreshing native plugins compatible for Editor in 0.36 ms, found 2 plugins.
Preloading 0 native plugins for Editor in 0.00 ms.
Unloading 1382 Unused Serialized files (Serialized files now loaded: 0)
System memory in use before: 68.6 MB.
System memory in use after: 68.7 MB.

Unloading 14 unused Assets to reduce memory usage. Loaded Objects now: 1888.
Total: 3.112900 ms (FindLiveObjects: 0.224700 ms CreateObjectMapping: 0.053500 ms MarkObjects: 2.751800 ms  DeleteObjects: 0.081500 ms)

========================================================================
Received Prepare
Registering precompiled user dll's ...
Registered in 0.007827 seconds.
Begin MonoManager ReloadAssembly
Native extension for WindowsStandalone target not found
Refreshing native plugins compatible for Editor in 0.30 ms, found 2 plugins.
Preloading 0 native plugins for Editor in 0.00 ms.
Mono: successfully reloaded assembly
- Completed reload, in  1.937 seconds
Platform modules already initialized, skipping
Refreshing native plugins compatible for Editor in 0.35 ms, found 2 plugins.
Preloading 0 native plugins for Editor in 0.00 ms.
Unloading 1382 Unused Serialized files (Serialized files now loaded: 0)
System memory in use before: 68.6 MB.
System memory in use after: 68.7 MB.

Unloading 14 unused Assets to reduce memory usage. Loaded Objects now: 1891.
Total: 2.146100 ms (FindLiveObjects: 0.173300 ms CreateObjectMapping: 0.049600 ms MarkObjects: 1.740700 ms  DeleteObjects: 0.181200 ms)

========================================================================
Received Prepare
Registering precompiled user dll's ...
Registered in 0.008851 seconds.
Begin MonoManager ReloadAssembly
Native extension for WindowsStandalone target not found
Refreshing native plugins compatible for Editor in 0.32 ms, found 2 plugins.
Preloading 0 native plugins for Editor in 0.00 ms.
Mono: successfully reloaded assembly
- Completed reload, in  1.387 seconds
Platform modules already initialized, skipping
Refreshing native plugins compatible for Editor in 0.35 ms, found 2 plugins.
Preloading 0 native plugins for Editor in 0.00 ms.
Unloading 1382 Unused Serialized files (Serialized files now loaded: 0)
System memory in use before: 68.6 MB.
System memory in use after: 68.7 MB.

Unloading 14 unused Assets to reduce memory usage. Loaded Objects now: 1894.
Total: 2.642300 ms (FindLiveObjects: 0.171800 ms CreateObjectMapping: 0.047100 ms MarkObjects: 2.358100 ms  DeleteObjects: 0.063900 ms)

========================================================================
Received Prepare
Registering precompiled user dll's ...
Registered in 0.007972 seconds.
Begin MonoManager ReloadAssembly
Native extension for WindowsStandalone target not found
Refreshing native plugins compatible for Editor in 0.32 ms, found 2 plugins.
Preloading 0 native plugins for Editor in 0.00 ms.
Mono: successfully reloaded assembly
- Completed reload, in  1.373 seconds
Platform modules already initialized, skipping
Refreshing native plugins compatible for Editor in 0.34 ms, found 2 plugins.
Preloading 0 native plugins for Editor in 0.00 ms.
Unloading 1382 Unused Serialized files (Serialized files now loaded: 0)
System memory in use before: 68.6 MB.
System memory in use after: 68.7 MB.

Unloading 14 unused Assets to reduce memory usage. Loaded Objects now: 1897.
Total: 2.788800 ms (FindLiveObjects: 0.252700 ms CreateObjectMapping: 0.048900 ms MarkObjects: 2.380800 ms  DeleteObjects: 0.105200 ms)

========================================================================
Received Prepare
Registering precompiled user dll's ...
Registered in 0.006859 seconds.
Begin MonoManager ReloadAssembly
Native extension for WindowsStandalone target not found
Refreshing native plugins compatible for Editor in 0.35 ms, found 2 plugins.
Preloading 0 native plugins for Editor in 0.00 ms.
Mono: successfully reloaded assembly
- Completed reload, in  1.408 seconds
Platform modules already initialized, skipping
Refreshing native plugins compatible for Editor in 0.32 ms, found 2 plugins.
Preloading 0 native plugins for Editor in 0.00 ms.
Unloading 1382 Unused Serialized files (Serialized files now loaded: 0)
System memory in use before: 68.6 MB.
System memory in use after: 68.7 MB.

Unloading 14 unused Assets to reduce memory usage. Loaded Objects now: 1900.
Total: 2.847500 ms (FindLiveObjects: 0.208700 ms CreateObjectMapping: 0.044300 ms MarkObjects: 2.486700 ms  DeleteObjects: 0.106600 ms)

========================================================================
Received Prepare
Registering precompiled user dll's ...
Registered in 0.010698 seconds.
Begin MonoManager ReloadAssembly
Native extension for WindowsStandalone target not found
Refreshing native plugins compatible for Editor in 0.31 ms, found 2 plugins.
Preloading 0 native plugins for Editor in 0.00 ms.
Mono: successfully reloaded assembly
- Completed reload, in  1.528 seconds
Platform modules already initialized, skipping
Refreshing native plugins compatible for Editor in 0.32 ms, found 2 plugins.
Preloading 0 native plugins for Editor in 0.00 ms.
Unloading 1382 Unused Serialized files (Serialized files now loaded: 0)
System memory in use before: 68.6 MB.
System memory in use after: 68.7 MB.

Unloading 14 unused Assets to reduce memory usage. Loaded Objects now: 1903.
Total: 4.854300 ms (FindLiveObjects: 0.368300 ms CreateObjectMapping: 0.111300 ms MarkObjects: 4.288800 ms  DeleteObjects: 0.084500 ms)

========================================================================
Received Import Request.
  Time since last request: 2380.013902 seconds.
  path: Assets/scripts/146770__qubodup__rocket-boost-engine-loop.wav
  artifactKey: Guid(02d1153e2d793624f9e6f3211a22079a) Importer(815301076,1909f56bfc062723c751e8b465ee728b)
Start importing Assets/scripts/146770__qubodup__rocket-boost-engine-loop.wav using Guid(02d1153e2d793624f9e6f3211a22079a) Importer(815301076,1909f56bfc062723c751e8b465ee728b)  -> (artifact id: 'e3be2e3371611cd7d185a6c2049cf6c0') in 0.472430 seconds
  Import took 0.477087 seconds .

========================================================================
Received Import Request.
  Time since last request: 66.314558 seconds.
  path: Assets/A
  artifactKey: Guid(bcb14907c35b7e8438d56bbe84339396) Importer(815301076,1909f56bfc062723c751e8b465ee728b)
Start importing Assets/A using Guid(bcb14907c35b7e8438d56bbe84339396) Importer(815301076,1909f56bfc062723c751e8b465ee728b)  -> (artifact id: '5c1da5eeb7cc610c745465c1c62c54ef') in 0.072005 seconds
  Import took 0.144683 seconds .

========================================================================
Received Import Request.
  Time since last request: 8.056867 seconds.
  path: Assets/Auodio
  artifactKey: Guid(bcb14907c35b7e8438d56bbe84339396) Importer(815301076,1909f56bfc062723c751e8b465ee728b)
Start importing Assets/Auodio using Guid(bcb14907c35b7e8438d56bbe84339396) Importer(815301076,1909f56bfc062723c751e8b465ee728b)  -> (artifact id: 'e77f3441d2d2e858f6b128b98b3a2c4c') in 0.051380 seconds
  Import took 0.080585 seconds .

========================================================================
Received Import Request.
  Time since last request: 8.095538 seconds.
  path: Assets/Audio
  artifactKey: Guid(bcb14907c35b7e8438d56bbe84339396) Importer(815301076,1909f56bfc062723c751e8b465ee728b)
Start importing Assets/Audio using Guid(bcb14907c35b7e8438d56bbe84339396) Importer(815301076,1909f56bfc062723c751e8b465ee728b)  -> (artifact id: '585e414e1a825fbc028dc5ea8994eb3f') in 0.016198 seconds
  Import took 0.020628 seconds .

========================================================================
Received Prepare
Registering precompiled user dll's ...
Registered in 0.033088 seconds.
Begin MonoManager ReloadAssembly
Native extension for WindowsStandalone target not found
Refreshing native plugins compatible for Editor in 0.71 ms, found 2 plugins.
Preloading 0 native plugins for Editor in 0.00 ms.
Mono: successfully reloaded assembly
- Completed reload, in  2.401 seconds
Platform modules already initialized, skipping
Refreshing native plugins compatible for Editor in 0.36 ms, found 2 plugins.
Preloading 0 native plugins for Editor in 0.00 ms.
Unloading 1382 Unused Serialized files (Serialized files now loaded: 0)
System memory in use before: 68.7 MB.
System memory in use after: 68.8 MB.

Unloading 14 unused Assets to reduce memory usage. Loaded Objects now: 1909.
Total: 2.651600 ms (FindLiveObjects: 0.210600 ms CreateObjectMapping: 0.068000 ms MarkObjects: 2.301700 ms  DeleteObjects: 0.069600 ms)

========================================================================
Received Prepare
Registering precompiled user dll's ...
Registered in 0.011380 seconds.
Begin MonoManager ReloadAssembly
Native extension for WindowsStandalone target not found
Refreshing native plugins compatible for Editor in 0.67 ms, found 2 plugins.
Preloading 0 native plugins for Editor in 0.00 ms.
Mono: successfully reloaded assembly
- Completed reload, in  2.384 seconds
Platform modules already initialized, skipping
Refreshing native plugins compatible for Editor in 1.82 ms, found 2 plugins.
Preloading 0 native plugins for Editor in 0.00 ms.
Unloading 1382 Unused Serialized files (Serialized files now loaded: 0)
System memory in use before: 68.7 MB.
System memory in use after: 68.8 MB.

Unloading 14 unused Assets to reduce memory usage. Loaded Objects now: 1912.
Total: 4.607000 ms (FindLiveObjects: 0.962700 ms CreateObjectMapping: 0.148900 ms MarkObjects: 3.414000 ms  DeleteObjects: 0.080100 ms)

========================================================================
Received Import Request.
  Time since last request: 224.772524 seconds.
  path: Assets/prefabs/rocket.prefab
  artifactKey: Guid(f5172bd85c74fc94c93e8153959b80d7) Importer(815301076,1909f56bfc062723c751e8b465ee728b)
Start importing Assets/prefabs/rocket.prefab using Guid(f5172bd85c74fc94c93e8153959b80d7) Importer(815301076,1909f56bfc062723c751e8b465ee728b)  -> (artifact id: 'c75aee082cc95a269627693dd0a86f06') in 0.118166 seconds
  Import took 0.142575 seconds .

========================================================================
Received Prepare
Registering precompiled user dll's ...
Registered in 0.007681 seconds.
Begin MonoManager ReloadAssembly
Native extension for WindowsStandalone target not found
Refreshing native plugins compatible for Editor in 0.52 ms, found 2 plugins.
Preloading 0 native plugins for Editor in 0.00 ms.
Mono: successfully reloaded assembly
- Completed reload, in  1.363 seconds
Platform modules already initialized, skipping
Refreshing native plugins compatible for Editor in 0.51 ms, found 2 plugins.
Preloading 0 native plugins for Editor in 0.00 ms.
Unloading 1382 Unused Serialized files (Serialized files now loaded: 0)
System memory in use before: 68.7 MB.
System memory in use after: 68.8 MB.

Unloading 14 unused Assets to reduce memory usage. Loaded Objects now: 1916.
Total: 2.442900 ms (FindLiveObjects: 0.174000 ms CreateObjectMapping: 0.044700 ms MarkObjects: 2.108200 ms  DeleteObjects: 0.115100 ms)

========================================================================
Received Prepare
Registering precompiled user dll's ...
Registered in 0.008647 seconds.
Begin MonoManager ReloadAssembly
Native extension for WindowsStandalone target not found
Refreshing native plugins compatible for Editor in 0.33 ms, found 2 plugins.
Preloading 0 native plugins for Editor in 0.00 ms.
Mono: successfully reloaded assembly
- Completed reload, in  1.316 seconds
Platform modules already initialized, skipping
Refreshing native plugins compatible for Editor in 0.34 ms, found 2 plugins.
Preloading 0 native plugins for Editor in 0.00 ms.
Unloading 1382 Unused Serialized files (Serialized files now loaded: 0)
System memory in use before: 68.7 MB.
System memory in use after: 68.8 MB.

Unloading 14 unused Assets to reduce memory usage. Loaded Objects now: 1919.
Total: 2.532400 ms (FindLiveObjects: 0.202400 ms CreateObjectMapping: 0.052700 ms MarkObjects: 2.194000 ms  DeleteObjects: 0.082000 ms)

========================================================================
Received Import Request.
  Time since last request: 455.795229 seconds.
  path: Assets/prefabs/rocket.prefab
  artifactKey: Guid(f5172bd85c74fc94c93e8153959b80d7) Importer(815301076,1909f56bfc062723c751e8b465ee728b)
Start importing Assets/prefabs/rocket.prefab using Guid(f5172bd85c74fc94c93e8153959b80d7) Importer(815301076,1909f56bfc062723c751e8b465ee728b)  -> (artifact id: '64ee49862d0445e591a7a14bec133282') in 0.097977 seconds
  Import took 0.104001 seconds .

========================================================================
Received Prepare
Registering precompiled user dll's ...
Registered in 0.006927 seconds.
Begin MonoManager ReloadAssembly
Native extension for WindowsStandalone target not found
Refreshing native plugins compatible for Editor in 0.34 ms, found 2 plugins.
Preloading 0 native plugins for Editor in 0.00 ms.
Mono: successfully reloaded assembly
- Completed reload, in  1.314 seconds
Platform modules already initialized, skipping
Refreshing native plugins compatible for Editor in 0.52 ms, found 2 plugins.
Preloading 0 native plugins for Editor in 0.00 ms.
Unloading 1382 Unused Serialized files (Serialized files now loaded: 0)
System memory in use before: 68.7 MB.
System memory in use after: 68.8 MB.

Unloading 14 unused Assets to reduce memory usage. Loaded Objects now: 1923.
Total: 2.455900 ms (FindLiveObjects: 0.171000 ms CreateObjectMapping: 0.044900 ms MarkObjects: 2.115200 ms  DeleteObjects: 0.123900 ms)

========================================================================
Received Prepare
Registering precompiled user dll's ...
Registered in 0.006863 seconds.
Begin MonoManager ReloadAssembly
Native extension for WindowsStandalone target not found
Refreshing native plugins compatible for Editor in 0.34 ms, found 2 plugins.
Preloading 0 native plugins for Editor in 0.00 ms.
Mono: successfully reloaded assembly
- Completed reload, in  1.458 seconds
Platform modules already initialized, skipping
Refreshing native plugins compatible for Editor in 0.32 ms, found 2 plugins.
Preloading 0 native plugins for Editor in 0.00 ms.
Unloading 1382 Unused Serialized files (Serialized files now loaded: 0)
System memory in use before: 68.7 MB.
System memory in use after: 68.8 MB.

Unloading 14 unused Assets to reduce memory usage. Loaded Objects now: 1926.
Total: 2.499000 ms (FindLiveObjects: 0.177600 ms CreateObjectMapping: 0.048000 ms MarkObjects: 2.206400 ms  DeleteObjects: 0.066200 ms)

========================================================================
Received Import Request.
  Time since last request: 218.123275 seconds.
  path: ProjectSettings/TagManager.asset
  artifactKey: Guid(00000000000000003000000000000000) Importer(815301076,1909f56bfc062723c751e8b465ee728b)
Start importing ProjectSettings/TagManager.asset using Guid(00000000000000003000000000000000) Importer(815301076,1909f56bfc062723c751e8b465ee728b)  -> (artifact id: 'ce6a35c3cddc746e7501c0bd0ed6d4ce') in 0.022496 seconds
  Import took 0.047101 seconds .

========================================================================
Received Import Request.
  Time since last request: 0.021483 seconds.
  path: ProjectSettings/TagManager.asset
  artifactKey: Guid(00000000000000003000000000000000) Importer(815301076,1909f56bfc062723c751e8b465ee728b)
Start importing ProjectSettings/TagManager.asset using Guid(00000000000000003000000000000000) Importer(815301076,1909f56bfc062723c751e8b465ee728b)  -> (artifact id: 'ce6a35c3cddc746e7501c0bd0ed6d4ce') in 0.006821 seconds
  Import took 0.010300 seconds .

========================================================================
Received Prepare
Registering precompiled user dll's ...
Registered in 0.011824 seconds.
Begin MonoManager ReloadAssembly
Native extension for WindowsStandalone target not found
Refreshing native plugins compatible for Editor in 0.33 ms, found 2 plugins.
Preloading 0 native plugins for Editor in 0.00 ms.
Mono: successfully reloaded assembly
- Completed reload, in  1.398 seconds
Platform modules already initialized, skipping
Refreshing native plugins compatible for Editor in 0.32 ms, found 2 plugins.
Preloading 0 native plugins for Editor in 0.00 ms.
Unloading 1383 Unused Serialized files (Serialized files now loaded: 0)
System memory in use before: 68.7 MB.
System memory in use after: 68.8 MB.

Unloading 16 unused Assets to reduce memory usage. Loaded Objects now: 1930.
Total: 2.504200 ms (FindLiveObjects: 0.178100 ms CreateObjectMapping: 0.044900 ms MarkObjects: 2.173200 ms  DeleteObjects: 0.107100 ms)

========================================================================
Received Import Request.
  Time since last request: 118.684634 seconds.
  path: Assets/scripts/Colli.cs
  artifactKey: Guid(de43b823520899d4ebeae4129e450645) Importer(815301076,1909f56bfc062723c751e8b465ee728b)
Start importing Assets/scripts/Colli.cs using Guid(de43b823520899d4ebeae4129e450645) Importer(815301076,1909f56bfc062723c751e8b465ee728b)  -> (artifact id: '6c070540531eda850d6d56c625811c60') in 0.054155 seconds
  Import took 0.073772 seconds .

========================================================================
Received Prepare
Registering precompiled user dll's ...
Registered in 0.009868 seconds.
Begin MonoManager ReloadAssembly
Native extension for WindowsStandalone target not found
Refreshing native plugins compatible for Editor in 0.43 ms, found 2 plugins.
Preloading 0 native plugins for Editor in 0.00 ms.
Mono: successfully reloaded assembly
- Completed reload, in  1.582 seconds
Platform modules already initialized, skipping
Refreshing native plugins compatible for Editor in 0.38 ms, found 2 plugins.
Preloading 0 native plugins for Editor in 0.00 ms.
Unloading 1382 Unused Serialized files (Serialized files now loaded: 0)
System memory in use before: 68.7 MB.
System memory in use after: 68.8 MB.

Unloading 15 unused Assets to reduce memory usage. Loaded Objects now: 1932.
Total: 2.437900 ms (FindLiveObjects: 0.213300 ms CreateObjectMapping: 0.046800 ms MarkObjects: 2.048100 ms  DeleteObjects: 0.128600 ms)

========================================================================
Received Import Request.
  Time since last request: 44.906454 seconds.
  path: Assets/scripts/CollisionHandler.cs
  artifactKey: Guid(7a26ad28404ed1345a72f19650caf7bd) Importer(815301076,1909f56bfc062723c751e8b465ee728b)
Start importing Assets/scripts/CollisionHandler.cs using Guid(7a26ad28404ed1345a72f19650caf7bd) Importer(815301076,1909f56bfc062723c751e8b465ee728b)  -> (artifact id: 'a2ed3390aa307245a64104072114ae1e') in 0.038430 seconds
  Import took 0.063447 seconds .

========================================================================
Received Prepare
Registering precompiled user dll's ...
Registered in 0.007088 seconds.
Begin MonoManager ReloadAssembly
Native extension for WindowsStandalone target not found
Refreshing native plugins compatible for Editor in 0.32 ms, found 2 plugins.
Preloading 0 native plugins for Editor in 0.00 ms.
Mono: successfully reloaded assembly
- Completed reload, in  1.650 seconds
Platform modules already initialized, skipping
Refreshing native plugins compatible for Editor in 0.35 ms, found 2 plugins.
Preloading 0 native plugins for Editor in 0.00 ms.
Unloading 1383 Unused Serialized files (Serialized files now loaded: 0)
System memory in use before: 68.7 MB.
System memory in use after: 68.8 MB.

Unloading 14 unused Assets to reduce memory usage. Loaded Objects now: 1936.
Total: 2.571200 ms (FindLiveObjects: 0.294900 ms CreateObjectMapping: 0.050900 ms MarkObjects: 2.119100 ms  DeleteObjects: 0.105100 ms)

========================================================================
Received Prepare
Registering precompiled user dll's ...
Registered in 0.008265 seconds.
Begin MonoManager ReloadAssembly
Native extension for WindowsStandalone target not found
Refreshing native plugins compatible for Editor in 0.32 ms, found 2 plugins.
Preloading 0 native plugins for Editor in 0.00 ms.
Mono: successfully reloaded assembly
- Completed reload, in  1.557 seconds
Platform modules already initialized, skipping
Refreshing native plugins compatible for Editor in 0.44 ms, found 2 plugins.
Preloading 0 native plugins for Editor in 0.00 ms.
Unloading 1383 Unused Serialized files (Serialized files now loaded: 0)
System memory in use before: 68.7 MB.
System memory in use after: 68.8 MB.

Unloading 14 unused Assets to reduce memory usage. Loaded Objects now: 1939.
Total: 3.236200 ms (FindLiveObjects: 0.196400 ms CreateObjectMapping: 0.074400 ms MarkObjects: 2.862700 ms  DeleteObjects: 0.100700 ms)

========================================================================
Received Import Request.
  Time since last request: 336.260773 seconds.
  path: Assets/scripts/Movement.cs
  artifactKey: Guid(fc6ece372a3695f47bb0d35c9bf8ddcb) Importer(815301076,1909f56bfc062723c751e8b465ee728b)
Start importing Assets/scripts/Movement.cs using Guid(fc6ece372a3695f47bb0d35c9bf8ddcb) Importer(815301076,1909f56bfc062723c751e8b465ee728b)  -> (artifact id: '33822be542abca25717755d15ce0e6ce') in 0.012855 seconds
  Import took 0.038755 seconds .

========================================================================
Received Import Request.
  Time since last request: 0.003980 seconds.
  path: Assets/scripts/Movement.cs
  artifactKey: Guid(fc6ece372a3695f47bb0d35c9bf8ddcb) Importer(815301076,1909f56bfc062723c751e8b465ee728b)
Start importing Assets/scripts/Movement.cs using Guid(fc6ece372a3695f47bb0d35c9bf8ddcb) Importer(815301076,1909f56bfc062723c751e8b465ee728b)  -> (artifact id: '33822be542abca25717755d15ce0e6ce') in 0.006946 seconds
  Import took 0.011984 seconds .

========================================================================
Received Prepare
Registering precompiled user dll's ...
Registered in 0.011476 seconds.
Begin MonoManager ReloadAssembly
Native extension for WindowsStandalone target not found
Refreshing native plugins compatible for Editor in 0.50 ms, found 2 plugins.
Preloading 0 native plugins for Editor in 0.00 ms.
Mono: successfully reloaded assembly
- Completed reload, in  1.333 seconds
Platform modules already initialized, skipping
Refreshing native plugins compatible for Editor in 0.46 ms, found 2 plugins.
Preloading 0 native plugins for Editor in 0.00 ms.
Unloading 1383 Unused Serialized files (Serialized files now loaded: 0)
System memory in use before: 68.8 MB.
System memory in use after: 68.8 MB.

Unloading 14 unused Assets to reduce memory usage. Loaded Objects now: 1942.
Total: 2.598100 ms (FindLiveObjects: 0.234400 ms CreateObjectMapping: 0.048900 ms MarkObjects: 2.211000 ms  DeleteObjects: 0.102800 ms)

========================================================================
Received Prepare
Registering precompiled user dll's ...
Registered in 0.009933 seconds.
Begin MonoManager ReloadAssembly
Native extension for WindowsStandalone target not found
Refreshing native plugins compatible for Editor in 0.68 ms, found 2 plugins.
Preloading 0 native plugins for Editor in 0.00 ms.
Mono: successfully reloaded assembly
- Completed reload, in  1.365 seconds
Platform modules already initialized, skipping
Refreshing native plugins compatible for Editor in 0.58 ms, found 2 plugins.
Preloading 0 native plugins for Editor in 0.00 ms.
Unloading 1383 Unused Serialized files (Serialized files now loaded: 0)
System memory in use before: 68.8 MB.
System memory in use after: 68.8 MB.

Unloading 14 unused Assets to reduce memory usage. Loaded Objects now: 1945.
Total: 4.120300 ms (FindLiveObjects: 0.286300 ms CreateObjectMapping: 0.089400 ms MarkObjects: 3.640500 ms  DeleteObjects: 0.102000 ms)

========================================================================
Received Import Request.
  Time since last request: 518.455589 seconds.
  path: Assets/scripts/CollisionHandler.cs
  artifactKey: Guid(7a26ad28404ed1345a72f19650caf7bd) Importer(815301076,1909f56bfc062723c751e8b465ee728b)
Start importing Assets/scripts/CollisionHandler.cs using Guid(7a26ad28404ed1345a72f19650caf7bd) Importer(815301076,1909f56bfc062723c751e8b465ee728b)  -> (artifact id: '2ae410ec04509a036567983a0662319f') in 0.012635 seconds
  Import took 0.046926 seconds .

========================================================================
Received Prepare
Registering precompiled user dll's ...
Registered in 0.007968 seconds.
Begin MonoManager ReloadAssembly
Native extension for WindowsStandalone target not found
Refreshing native plugins compatible for Editor in 0.47 ms, found 2 plugins.
Preloading 0 native plugins for Editor in 0.00 ms.
Mono: successfully reloaded assembly
- Completed reload, in  1.329 seconds
Platform modules already initialized, skipping
Refreshing native plugins compatible for Editor in 0.51 ms, found 2 plugins.
Preloading 0 native plugins for Editor in 0.00 ms.
Unloading 1383 Unused Serialized files (Serialized files now loaded: 0)
System memory in use before: 68.8 MB.
System memory in use after: 68.8 MB.

Unloading 14 unused Assets to reduce memory usage. Loaded Objects now: 1948.
Total: 2.353900 ms (FindLiveObjects: 0.200600 ms CreateObjectMapping: 0.048000 ms MarkObjects: 2.010200 ms  DeleteObjects: 0.094100 ms)

========================================================================
Received Prepare
Registering precompiled user dll's ...
Registered in 0.007661 seconds.
Begin MonoManager ReloadAssembly
Native extension for WindowsStandalone target not found
Refreshing native plugins compatible for Editor in 0.33 ms, found 2 plugins.
Preloading 0 native plugins for Editor in 0.00 ms.
Mono: successfully reloaded assembly
- Completed reload, in  1.347 seconds
Platform modules already initialized, skipping
Refreshing native plugins compatible for Editor in 0.32 ms, found 2 plugins.
Preloading 0 native plugins for Editor in 0.00 ms.
Unloading 1383 Unused Serialized files (Serialized files now loaded: 0)
System memory in use before: 68.8 MB.
System memory in use after: 68.8 MB.

Unloading 14 unused Assets to reduce memory usage. Loaded Objects now: 1951.
Total: 3.019600 ms (FindLiveObjects: 0.216000 ms CreateObjectMapping: 0.048200 ms MarkObjects: 2.587900 ms  DeleteObjects: 0.166400 ms)

========================================================================
Received Prepare
Registering precompiled user dll's ...
Registered in 0.008154 seconds.
Begin MonoManager ReloadAssembly
Native extension for WindowsStandalone target not found
Refreshing native plugins compatible for Editor in 0.33 ms, found 2 plugins.
Preloading 0 native plugins for Editor in 0.00 ms.
Mono: successfully reloaded assembly
- Completed reload, in  1.361 seconds
Platform modules already initialized, skipping
Refreshing native plugins compatible for Editor in 0.31 ms, found 2 plugins.
Preloading 0 native plugins for Editor in 0.00 ms.
Unloading 1383 Unused Serialized files (Serialized files now loaded: 0)
System memory in use before: 68.8 MB.
System memory in use after: 68.8 MB.

Unloading 14 unused Assets to reduce memory usage. Loaded Objects now: 1954.
Total: 2.915800 ms (FindLiveObjects: 0.184500 ms CreateObjectMapping: 0.050900 ms MarkObjects: 2.578400 ms  DeleteObjects: 0.100900 ms)

========================================================================
Received Prepare
Registering precompiled user dll's ...
Registered in 0.008522 seconds.
Begin MonoManager ReloadAssembly
Native extension for WindowsStandalone target not found
Refreshing native plugins compatible for Editor in 0.35 ms, found 2 plugins.
Preloading 0 native plugins for Editor in 0.00 ms.
Mono: successfully reloaded assembly
- Completed reload, in  1.377 seconds
Platform modules already initialized, skipping
Refreshing native plugins compatible for Editor in 0.35 ms, found 2 plugins.
Preloading 0 native plugins for Editor in 0.00 ms.
Unloading 1383 Unused Serialized files (Serialized files now loaded: 0)
System memory in use before: 68.8 MB.
System memory in use after: 68.9 MB.

Unloading 14 unused Assets to reduce memory usage. Loaded Objects now: 1957.
Total: 2.538300 ms (FindLiveObjects: 0.184500 ms CreateObjectMapping: 0.045700 ms MarkObjects: 2.184000 ms  DeleteObjects: 0.123200 ms)

========================================================================
Received Prepare
Registering precompiled user dll's ...
Registered in 0.009655 seconds.
Begin MonoManager ReloadAssembly
Native extension for WindowsStandalone target not found
Refreshing native plugins compatible for Editor in 0.35 ms, found 2 plugins.
Preloading 0 native plugins for Editor in 0.00 ms.
Mono: successfully reloaded assembly
- Completed reload, in  1.407 seconds
Platform modules already initialized, skipping
Refreshing native plugins compatible for Editor in 0.35 ms, found 2 plugins.
Preloading 0 native plugins for Editor in 0.00 ms.
Unloading 1383 Unused Serialized files (Serialized files now loaded: 0)
System memory in use before: 68.8 MB.
System memory in use after: 68.9 MB.

Unloading 14 unused Assets to reduce memory usage. Loaded Objects now: 1960.
Total: 3.807100 ms (FindLiveObjects: 0.420900 ms CreateObjectMapping: 0.082100 ms MarkObjects: 3.175000 ms  DeleteObjects: 0.127000 ms)

========================================================================
Received Prepare
Registering precompiled user dll's ...
Registered in 0.007445 seconds.
Begin MonoManager ReloadAssembly
Native extension for WindowsStandalone target not found
Refreshing native plugins compatible for Editor in 0.55 ms, found 2 plugins.
Preloading 0 native plugins for Editor in 0.00 ms.
Mono: successfully reloaded assembly
- Completed reload, in  1.403 seconds
Platform modules already initialized, skipping
Refreshing native plugins compatible for Editor in 0.35 ms, found 2 plugins.
Preloading 0 native plugins for Editor in 0.00 ms.
Unloading 1383 Unused Serialized files (Serialized files now loaded: 0)
System memory in use before: 68.8 MB.
System memory in use after: 68.9 MB.

Unloading 14 unused Assets to reduce memory usage. Loaded Objects now: 1963.
Total: 2.643100 ms (FindLiveObjects: 0.182700 ms CreateObjectMapping: 0.047000 ms MarkObjects: 2.314300 ms  DeleteObjects: 0.098100 ms)

========================================================================
Received Prepare
Registering precompiled user dll's ...
Registered in 0.015898 seconds.
Begin MonoManager ReloadAssembly
Native extension for WindowsStandalone target not found
Refreshing native plugins compatible for Editor in 0.35 ms, found 2 plugins.
Preloading 0 native plugins for Editor in 0.00 ms.
Mono: successfully reloaded assembly
- Completed reload, in  1.294 seconds
Platform modules already initialized, skipping
Refreshing native plugins compatible for Editor in 0.37 ms, found 2 plugins.
Preloading 0 native plugins for Editor in 0.00 ms.
Unloading 1383 Unused Serialized files (Serialized files now loaded: 0)
System memory in use before: 68.8 MB.
System memory in use after: 68.9 MB.

Unloading 14 unused Assets to reduce memory usage. Loaded Objects now: 1966.
Total: 2.261800 ms (FindLiveObjects: 0.168100 ms CreateObjectMapping: 0.048300 ms MarkObjects: 1.837800 ms  DeleteObjects: 0.206700 ms)

========================================================================
Received Prepare
Registering precompiled user dll's ...
Registered in 0.007705 seconds.
Begin MonoManager ReloadAssembly
Native extension for WindowsStandalone target not found
Refreshing native plugins compatible for Editor in 0.81 ms, found 2 plugins.
Preloading 0 native plugins for Editor in 0.00 ms.
Mono: successfully reloaded assembly
- Completed reload, in  1.355 seconds
Platform modules already initialized, skipping
Refreshing native plugins compatible for Editor in 0.36 ms, found 2 plugins.
Preloading 0 native plugins for Editor in 0.00 ms.
Unloading 1383 Unused Serialized files (Serialized files now loaded: 0)
System memory in use before: 68.8 MB.
System memory in use after: 68.9 MB.

Unloading 14 unused Assets to reduce memory usage. Loaded Objects now: 1969.
Total: 2.526000 ms (FindLiveObjects: 0.193700 ms CreateObjectMapping: 0.050000 ms MarkObjects: 2.166500 ms  DeleteObjects: 0.114400 ms)

========================================================================
Received Prepare
Registering precompiled user dll's ...
Registered in 0.007527 seconds.
Begin MonoManager ReloadAssembly
Native extension for WindowsStandalone target not found
Refreshing native plugins compatible for Editor in 0.34 ms, found 2 plugins.
Preloading 0 native plugins for Editor in 0.00 ms.
Mono: successfully reloaded assembly
- Completed reload, in  1.432 seconds
Platform modules already initialized, skipping
Refreshing native plugins compatible for Editor in 0.31 ms, found 2 plugins.
Preloading 0 native plugins for Editor in 0.00 ms.
Unloading 1383 Unused Serialized files (Serialized files now loaded: 0)
System memory in use before: 68.8 MB.
System memory in use after: 68.9 MB.

Unloading 14 unused Assets to reduce memory usage. Loaded Objects now: 1972.
Total: 2.756900 ms (FindLiveObjects: 0.181000 ms CreateObjectMapping: 0.048800 ms MarkObjects: 2.426200 ms  DeleteObjects: 0.099700 ms)

AssetImportWorkerClient::OnTransportError - code=2 error=End of file
