Using pre-set license
Built from '2020.3/staging' branch; Version is '2020.3.10f1 (297d780c91bc) revision 2719096'; Using compiler version '192528614'; Build Type 'Release'
OS: 'Windows 10 Home; OS build 19043.1237; Version 2009; 64bit' Language: 'tr' Physical Memory: 8060 MB
BatchMode: 1, IsHumanControllingUs: 0, StartBugReporterOnCrash: 0, Is64bit: 1, IsPro: 0

 COMMAND LINE ARGUMENTS:
C:\Program Files\Unity\Hub\Editor\2020.3.10f1\Editor\Unity.exe
-adb2
-batchMode
-noUpm
-name
AssetImportWorker1
-projectPath
C:/Users/mertcan/Desktop/unity/unityTutorial/unity 3D/escape from the planet/Escape From The Planet
-logFile
Logs/AssetImportWorker1.log
-srvPort
51494
Successfully changed project path to: C:/Users/mertcan/Desktop/unity/unityTutorial/unity 3D/escape from the planet/Escape From The Planet
C:/Users/mertcan/Desktop/unity/unityTutorial/unity 3D/escape from the planet/Escape From The Planet
Using Asset Import Pipeline V2.
Refreshing native plugins compatible for Editor in 52.23 ms, found 2 plugins.
Preloading 0 native plugins for Editor in 0.00 ms.
Initialize engine version: 2020.3.10f1 (297d780c91bc)
[Subsystems] Discovering subsystems at path C:/Program Files/Unity/Hub/Editor/2020.3.10f1/Editor/Data/Resources/UnitySubsystems
[Subsystems] Discovering subsystems at path C:/Users/mertcan/Desktop/unity/unityTutorial/unity 3D/escape from the planet/Escape From The Planet/Assets
GfxDevice: creating device client; threaded=0
Direct3D:
    Version:  Direct3D 11.0 [level 11.0]
    Renderer: NVIDIA GeForce GTX 960M (ID=0x139b)
    Vendor:   
    VRAM:     4055 MB
    Driver:   27.21.14.6079
Initialize mono
Mono path[0] = 'C:/Program Files/Unity/Hub/Editor/2020.3.10f1/Editor/Data/Managed'
Mono path[1] = 'C:/Program Files/Unity/Hub/Editor/2020.3.10f1/Editor/Data/MonoBleedingEdge/lib/mono/unityjit'
Mono config path = 'C:/Program Files/Unity/Hub/Editor/2020.3.10f1/Editor/Data/MonoBleedingEdge/etc'
Using monoOptions --debugger-agent=transport=dt_socket,embedding=1,server=y,suspend=n,address=127.0.0.1:56980
Begin MonoManager ReloadAssembly
Registering precompiled unity dll's ...
Register platform support module: C:/Program Files/Unity/Hub/Editor/2020.3.10f1/Editor/Data/PlaybackEngines/WindowsStandaloneSupport/UnityEditor.WindowsStandalone.Extensions.dll
Registered in 0.004292 seconds.
Native extension for WindowsStandalone target not found
Refreshing native plugins compatible for Editor in 49.73 ms, found 2 plugins.
Preloading 0 native plugins for Editor in 0.00 ms.
Mono: successfully reloaded assembly
- Completed reload, in  2.172 seconds
Platform modules already initialized, skipping
Registering precompiled user dll's ...
Registered in 0.010245 seconds.
Begin MonoManager ReloadAssembly
Native extension for WindowsStandalone target not found
Refreshing native plugins compatible for Editor in 0.33 ms, found 2 plugins.
Preloading 0 native plugins for Editor in 0.00 ms.
Mono: successfully reloaded assembly
- Completed reload, in  1.994 seconds
Platform modules already initialized, skipping
========================================================================
Worker process is ready to serve import requests
Launched and connected shader compiler UnityShaderCompiler.exe after 0.15 seconds
Refreshing native plugins compatible for Editor in 0.31 ms, found 2 plugins.
Preloading 0 native plugins for Editor in 0.00 ms.
Unloading 1386 Unused Serialized files (Serialized files now loaded: 0)
System memory in use before: 65.2 MB.
System memory in use after: 65.2 MB.

Unloading 19 unused Assets to reduce memory usage. Loaded Objects now: 1819.
Total: 2.385800 ms (FindLiveObjects: 0.143900 ms CreateObjectMapping: 0.046400 ms MarkObjects: 2.050800 ms  DeleteObjects: 0.143600 ms)

========================================================================
Received Import Request.
  path: Assets/Ground.mat
  artifactKey: Guid(c2f9fc8688a3542488938d698bb8f4dd) Importer(815301076,1909f56bfc062723c751e8b465ee728b)
Start importing Assets/Ground.mat using Guid(c2f9fc8688a3542488938d698bb8f4dd) Importer(815301076,1909f56bfc062723c751e8b465ee728b)  -> (artifact id: '65cc89f4d3d37ebdcc0a8295d6a274f8') in 0.312698 seconds
  Import took 0.341416 seconds .

========================================================================
Received Import Request.
  Time since last request: 48.521675 seconds.
  path: Assets
  artifactKey: Guid(00000000000000001000000000000000) Importer(815301076,1909f56bfc062723c751e8b465ee728b)
Start importing Assets using Guid(00000000000000001000000000000000) Importer(815301076,1909f56bfc062723c751e8b465ee728b)  -> (artifact id: '42d402b061de3733987d63b9cc3b64de') in 0.017143 seconds
  Import took 0.050744 seconds .

========================================================================
Received Import Request.
  Time since last request: 12.287220 seconds.
  path: Assets/start and finish.mat
  artifactKey: Guid(1f9bbe5fcdff80a40b0350573986cd50) Importer(815301076,1909f56bfc062723c751e8b465ee728b)
Start importing Assets/start and finish.mat using Guid(1f9bbe5fcdff80a40b0350573986cd50) Importer(815301076,1909f56bfc062723c751e8b465ee728b)  -> (artifact id: 'a8e3cd88c58e10c029248c1c0ad5b118') in 0.042886 seconds
  Import took 0.073934 seconds .

========================================================================
Received Import Request.
  Time since last request: 170.621050 seconds.
  path: Assets/rocket.mat
  artifactKey: Guid(6490bacb68d09b34a8aa4921579d2f15) Importer(815301076,1909f56bfc062723c751e8b465ee728b)
Start importing Assets/rocket.mat using Guid(6490bacb68d09b34a8aa4921579d2f15) Importer(815301076,1909f56bfc062723c751e8b465ee728b)  -> (artifact id: '0376e9da5bff30b4ca82c4f8e3375e05') in 0.062241 seconds
  Import took 0.090490 seconds .

========================================================================
Received Import Request.
  Time since last request: 308.857014 seconds.
  path: Assets/Ground.prefab
  artifactKey: Guid(2f52b80db4d7c5141aab36efe9e815ca) Importer(815301076,1909f56bfc062723c751e8b465ee728b)
Start importing Assets/Ground.prefab using Guid(2f52b80db4d7c5141aab36efe9e815ca) Importer(815301076,1909f56bfc062723c751e8b465ee728b)  -> (artifact id: '9d0e9c6ebda47e51331a3bc672b6ea7f') in 0.121740 seconds
  Import took 0.127682 seconds .

========================================================================
Received Import Request.
  Time since last request: 3.422952 seconds.
  path: Assets/launch pad.prefab
  artifactKey: Guid(12163fbb41c39d44890ed4f8f21d3400) Importer(815301076,1909f56bfc062723c751e8b465ee728b)
Start importing Assets/launch pad.prefab using Guid(12163fbb41c39d44890ed4f8f21d3400) Importer(815301076,1909f56bfc062723c751e8b465ee728b)  -> (artifact id: '321d5f20b479174373aef89c5aafb17d') in 0.034042 seconds
  Import took 0.038662 seconds .

========================================================================
Received Import Request.
  Time since last request: 38.754256 seconds.
  path: Assets/launch and landing pad.mat
  artifactKey: Guid(1f9bbe5fcdff80a40b0350573986cd50) Importer(815301076,1909f56bfc062723c751e8b465ee728b)
Start importing Assets/launch and landing pad.mat using Guid(1f9bbe5fcdff80a40b0350573986cd50) Importer(815301076,1909f56bfc062723c751e8b465ee728b)  -> (artifact id: 'fd3afb895260d2cab1b494445d1ed99e') in 0.030197 seconds
  Import took 0.035343 seconds .

========================================================================
Received Import Request.
  Time since last request: 91.061558 seconds.
  path: Assets/rocket.prefab
  artifactKey: Guid(f5172bd85c74fc94c93e8153959b80d7) Importer(815301076,1909f56bfc062723c751e8b465ee728b)
Start importing Assets/rocket.prefab using Guid(f5172bd85c74fc94c93e8153959b80d7) Importer(815301076,1909f56bfc062723c751e8b465ee728b)  -> (artifact id: '42866991cb2164468601c87d6bc27566') in 0.038872 seconds
  Import took 0.053123 seconds .

========================================================================
Received Import Request.
  Time since last request: 0.008429 seconds.
  path: Assets/rocket.prefab
  artifactKey: Guid(f5172bd85c74fc94c93e8153959b80d7) Importer(815301076,1909f56bfc062723c751e8b465ee728b)
Start importing Assets/rocket.prefab using Guid(f5172bd85c74fc94c93e8153959b80d7) Importer(815301076,1909f56bfc062723c751e8b465ee728b)  -> (artifact id: '42866991cb2164468601c87d6bc27566') in 0.017413 seconds
  Import took 0.022889 seconds .

========================================================================
Received Import Request.
  Time since last request: 18.583757 seconds.
  path: Assets/landing pad.prefab
  artifactKey: Guid(fe7929892f0e6524a8351b2c144ddd6a) Importer(815301076,1909f56bfc062723c751e8b465ee728b)
Start importing Assets/landing pad.prefab using Guid(fe7929892f0e6524a8351b2c144ddd6a) Importer(815301076,1909f56bfc062723c751e8b465ee728b)  -> (artifact id: 'd13c67eaaa6cfe1f4f37845176b2917a') in 0.026035 seconds
  Import took 0.058176 seconds .

========================================================================
Received Import Request.
  Time since last request: 53.274481 seconds.
  path: Assets/Scenes/SampleScene.unity
  artifactKey: Guid(9fc0d4010bbf28b4594072e72b8655ab) Importer(815301076,1909f56bfc062723c751e8b465ee728b)
Start importing Assets/Scenes/SampleScene.unity using Guid(9fc0d4010bbf28b4594072e72b8655ab) Importer(815301076,1909f56bfc062723c751e8b465ee728b)  -> (artifact id: '85059f4f9e1a832ed95adaa0d25c5c4c') in 0.039101 seconds
  Import took 0.063113 seconds .

========================================================================
Received Import Request.
  Time since last request: 10.112735 seconds.
  path: Assets/Scenes/Sandbox.unity
  artifactKey: Guid(9fc0d4010bbf28b4594072e72b8655ab) Importer(815301076,1909f56bfc062723c751e8b465ee728b)
Start importing Assets/Scenes/Sandbox.unity using Guid(9fc0d4010bbf28b4594072e72b8655ab) Importer(815301076,1909f56bfc062723c751e8b465ee728b)  -> (artifact id: 'dc4996a2771391607ed298207de2f41c') in 0.024326 seconds
  Import took 0.030062 seconds .

========================================================================
Received Import Request.
  Time since last request: 155.850388 seconds.
  path: Assets/Scenes
  artifactKey: Guid(e40412c879b29284583dfd6636ce297d) Importer(815301076,1909f56bfc062723c751e8b465ee728b)
Start importing Assets/Scenes using Guid(e40412c879b29284583dfd6636ce297d) Importer(815301076,1909f56bfc062723c751e8b465ee728b)  -> (artifact id: '3c0a9bcee9a2441c39bec6d08165701e') in 0.017787 seconds
  Import took 0.046385 seconds .

========================================================================
Received Import Request.
  Time since last request: 421.104965 seconds.
  path: Assets/Movement.cs
  artifactKey: Guid(fc6ece372a3695f47bb0d35c9bf8ddcb) Importer(815301076,1909f56bfc062723c751e8b465ee728b)
Start importing Assets/Movement.cs using Guid(fc6ece372a3695f47bb0d35c9bf8ddcb) Importer(815301076,1909f56bfc062723c751e8b465ee728b)  -> (artifact id: '5191a46b05eabef3a1fe771af5db8c9c') in 0.114124 seconds
  Import took 0.118662 seconds .

========================================================================
Received Prepare
Registering precompiled user dll's ...
Registered in 0.023493 seconds.
Begin MonoManager ReloadAssembly
Native extension for WindowsStandalone target not found
Refreshing native plugins compatible for Editor in 0.31 ms, found 2 plugins.
Preloading 0 native plugins for Editor in 0.00 ms.
Mono: successfully reloaded assembly
- Completed reload, in  1.771 seconds
Platform modules already initialized, skipping
Refreshing native plugins compatible for Editor in 0.34 ms, found 2 plugins.
Preloading 0 native plugins for Editor in 0.00 ms.
Unloading 1382 Unused Serialized files (Serialized files now loaded: 0)
System memory in use before: 68.5 MB.
System memory in use after: 68.6 MB.

Unloading 14 unused Assets to reduce memory usage. Loaded Objects now: 1864.
Total: 2.425000 ms (FindLiveObjects: 0.193000 ms CreateObjectMapping: 0.070400 ms MarkObjects: 2.063300 ms  DeleteObjects: 0.096800 ms)

========================================================================
Received Import Request.
  Time since last request: 524.087431 seconds.
  path: Assets/Materials
  artifactKey: Guid(303c1f2dbb6146d41ac3e76732f8d2e8) Importer(815301076,1909f56bfc062723c751e8b465ee728b)
Start importing Assets/Materials using Guid(303c1f2dbb6146d41ac3e76732f8d2e8) Importer(815301076,1909f56bfc062723c751e8b465ee728b)  -> (artifact id: '2226304d9003c9d792f58f21af625324') in 0.028109 seconds
  Import took 0.046636 seconds .

========================================================================
Received Import Request.
  Time since last request: 0.002193 seconds.
  path: Assets/Materials
  artifactKey: Guid(303c1f2dbb6146d41ac3e76732f8d2e8) Importer(815301076,1909f56bfc062723c751e8b465ee728b)
Start importing Assets/Materials using Guid(303c1f2dbb6146d41ac3e76732f8d2e8) Importer(815301076,1909f56bfc062723c751e8b465ee728b)  -> (artifact id: '2226304d9003c9d792f58f21af625324') in 0.007987 seconds
  Import took 0.012641 seconds .

========================================================================
Received Import Request.
  Time since last request: 14.511316 seconds.
  path: Assets/prefabs
  artifactKey: Guid(6fb0d6742ed0cc64ca7569ada19cd3a5) Importer(815301076,1909f56bfc062723c751e8b465ee728b)
Start importing Assets/prefabs using Guid(6fb0d6742ed0cc64ca7569ada19cd3a5) Importer(815301076,1909f56bfc062723c751e8b465ee728b)  -> (artifact id: '07ed4a1ddfdb930fc761acde827de180') in 0.026524 seconds
  Import took 0.044529 seconds .

========================================================================
Received Import Request.
  Time since last request: 11.689326 seconds.
  path: Assets/scripts
  artifactKey: Guid(0934c06b009819949a631e4d3d1d1535) Importer(815301076,1909f56bfc062723c751e8b465ee728b)
Start importing Assets/scripts using Guid(0934c06b009819949a631e4d3d1d1535) Importer(815301076,1909f56bfc062723c751e8b465ee728b)  -> (artifact id: '95ab9418eac51dbd119f0b2004d60834') in 0.022412 seconds
  Import took 0.029939 seconds .

========================================================================
Received Import Request.
  Time since last request: 0.004421 seconds.
  path: Assets/scripts
  artifactKey: Guid(0934c06b009819949a631e4d3d1d1535) Importer(815301076,1909f56bfc062723c751e8b465ee728b)
Start importing Assets/scripts using Guid(0934c06b009819949a631e4d3d1d1535) Importer(815301076,1909f56bfc062723c751e8b465ee728b)  -> (artifact id: '95ab9418eac51dbd119f0b2004d60834') in 0.007499 seconds
  Import took 0.012103 seconds .

========================================================================
Received Prepare
Registering precompiled user dll's ...
Registered in 0.016750 seconds.
Begin MonoManager ReloadAssembly
Native extension for WindowsStandalone target not found
Refreshing native plugins compatible for Editor in 0.45 ms, found 2 plugins.
Preloading 0 native plugins for Editor in 0.00 ms.
Mono: successfully reloaded assembly
- Completed reload, in  1.678 seconds
Platform modules already initialized, skipping
Refreshing native plugins compatible for Editor in 0.32 ms, found 2 plugins.
Preloading 0 native plugins for Editor in 0.00 ms.
Unloading 1382 Unused Serialized files (Serialized files now loaded: 0)
System memory in use before: 68.5 MB.
System memory in use after: 68.6 MB.

Unloading 14 unused Assets to reduce memory usage. Loaded Objects now: 1867.
Total: 2.976300 ms (FindLiveObjects: 0.191000 ms CreateObjectMapping: 0.055900 ms MarkObjects: 2.624900 ms  DeleteObjects: 0.103200 ms)

========================================================================
Received Import Request.
  Time since last request: 544.525009 seconds.
  path: Assets/scripts/Movement.cs
  artifactKey: Guid(fc6ece372a3695f47bb0d35c9bf8ddcb) Importer(815301076,1909f56bfc062723c751e8b465ee728b)
Start importing Assets/scripts/Movement.cs using Guid(fc6ece372a3695f47bb0d35c9bf8ddcb) Importer(815301076,1909f56bfc062723c751e8b465ee728b)  -> (artifact id: 'cfa3fff414e05323b4854ed9eee5002d') in 0.018648 seconds
  Import took 0.048853 seconds .

========================================================================
Received Import Request.
  Time since last request: 0.017567 seconds.
  path: Assets/scripts/Movement.cs
  artifactKey: Guid(fc6ece372a3695f47bb0d35c9bf8ddcb) Importer(815301076,1909f56bfc062723c751e8b465ee728b)
Start importing Assets/scripts/Movement.cs using Guid(fc6ece372a3695f47bb0d35c9bf8ddcb) Importer(815301076,1909f56bfc062723c751e8b465ee728b)  -> (artifact id: 'cfa3fff414e05323b4854ed9eee5002d') in 0.007327 seconds
  Import took 0.011423 seconds .

========================================================================
Received Prepare
Registering precompiled user dll's ...
Registered in 0.010217 seconds.
Begin MonoManager ReloadAssembly
Native extension for WindowsStandalone target not found
Refreshing native plugins compatible for Editor in 0.58 ms, found 2 plugins.
Preloading 0 native plugins for Editor in 0.00 ms.
Mono: successfully reloaded assembly
- Completed reload, in  1.326 seconds
Platform modules already initialized, skipping
Refreshing native plugins compatible for Editor in 1.40 ms, found 2 plugins.
Preloading 0 native plugins for Editor in 0.00 ms.
Unloading 1382 Unused Serialized files (Serialized files now loaded: 0)
System memory in use before: 68.5 MB.
System memory in use after: 68.6 MB.

Unloading 14 unused Assets to reduce memory usage. Loaded Objects now: 1870.
Total: 2.307400 ms (FindLiveObjects: 0.175300 ms CreateObjectMapping: 0.055700 ms MarkObjects: 2.010800 ms  DeleteObjects: 0.064500 ms)

========================================================================
Received Prepare
Registering precompiled user dll's ...
Registered in 0.012420 seconds.
Begin MonoManager ReloadAssembly
Native extension for WindowsStandalone target not found
Refreshing native plugins compatible for Editor in 0.35 ms, found 2 plugins.
Preloading 0 native plugins for Editor in 0.00 ms.
Mono: successfully reloaded assembly
- Completed reload, in  1.469 seconds
Platform modules already initialized, skipping
Refreshing native plugins compatible for Editor in 0.32 ms, found 2 plugins.
Preloading 0 native plugins for Editor in 0.00 ms.
Unloading 1382 Unused Serialized files (Serialized files now loaded: 0)
System memory in use before: 68.5 MB.
System memory in use after: 68.6 MB.

Unloading 14 unused Assets to reduce memory usage. Loaded Objects now: 1873.
Total: 2.575800 ms (FindLiveObjects: 0.181900 ms CreateObjectMapping: 0.054300 ms MarkObjects: 2.235600 ms  DeleteObjects: 0.103200 ms)

========================================================================
Received Prepare
Registering precompiled user dll's ...
Registered in 0.007537 seconds.
Begin MonoManager ReloadAssembly
Native extension for WindowsStandalone target not found
Refreshing native plugins compatible for Editor in 0.39 ms, found 2 plugins.
Preloading 0 native plugins for Editor in 0.00 ms.
Mono: successfully reloaded assembly
- Completed reload, in  1.410 seconds
Platform modules already initialized, skipping
Refreshing native plugins compatible for Editor in 0.32 ms, found 2 plugins.
Preloading 0 native plugins for Editor in 0.00 ms.
Unloading 1382 Unused Serialized files (Serialized files now loaded: 0)
System memory in use before: 68.5 MB.
System memory in use after: 68.6 MB.

Unloading 14 unused Assets to reduce memory usage. Loaded Objects now: 1876.
Total: 2.624300 ms (FindLiveObjects: 0.180800 ms CreateObjectMapping: 0.061200 ms MarkObjects: 2.280000 ms  DeleteObjects: 0.101300 ms)

========================================================================
Received Prepare
Registering precompiled user dll's ...
Registered in 0.009186 seconds.
Begin MonoManager ReloadAssembly
Native extension for WindowsStandalone target not found
Refreshing native plugins compatible for Editor in 0.47 ms, found 2 plugins.
Preloading 0 native plugins for Editor in 0.00 ms.
Mono: successfully reloaded assembly
- Completed reload, in  1.290 seconds
Platform modules already initialized, skipping
Refreshing native plugins compatible for Editor in 0.32 ms, found 2 plugins.
Preloading 0 native plugins for Editor in 0.00 ms.
Unloading 1382 Unused Serialized files (Serialized files now loaded: 0)
System memory in use before: 68.6 MB.
System memory in use after: 68.6 MB.

Unloading 14 unused Assets to reduce memory usage. Loaded Objects now: 1879.
Total: 2.983300 ms (FindLiveObjects: 0.277600 ms CreateObjectMapping: 0.056700 ms MarkObjects: 2.508300 ms  DeleteObjects: 0.139500 ms)

========================================================================
Received Prepare
Registering precompiled user dll's ...
Registered in 0.014902 seconds.
Begin MonoManager ReloadAssembly
Native extension for WindowsStandalone target not found
Refreshing native plugins compatible for Editor in 0.88 ms, found 2 plugins.
Preloading 0 native plugins for Editor in 0.00 ms.
Mono: successfully reloaded assembly
- Completed reload, in  2.809 seconds
Platform modules already initialized, skipping
Refreshing native plugins compatible for Editor in 1.11 ms, found 2 plugins.
Preloading 0 native plugins for Editor in 0.00 ms.
Unloading 1382 Unused Serialized files (Serialized files now loaded: 0)
System memory in use before: 68.6 MB.
System memory in use after: 68.6 MB.

Unloading 14 unused Assets to reduce memory usage. Loaded Objects now: 1882.
Total: 8.820400 ms (FindLiveObjects: 1.205500 ms CreateObjectMapping: 0.556000 ms MarkObjects: 6.926200 ms  DeleteObjects: 0.129100 ms)

========================================================================
Received Prepare
Registering precompiled user dll's ...
Registered in 0.009849 seconds.
Begin MonoManager ReloadAssembly
Native extension for WindowsStandalone target not found
Refreshing native plugins compatible for Editor in 0.40 ms, found 2 plugins.
Preloading 0 native plugins for Editor in 0.00 ms.
Mono: successfully reloaded assembly
- Completed reload, in  1.317 seconds
Platform modules already initialized, skipping
Refreshing native plugins compatible for Editor in 0.39 ms, found 2 plugins.
Preloading 0 native plugins for Editor in 0.00 ms.
Unloading 1382 Unused Serialized files (Serialized files now loaded: 0)
System memory in use before: 68.6 MB.
System memory in use after: 68.6 MB.

Unloading 14 unused Assets to reduce memory usage. Loaded Objects now: 1885.
Total: 2.745700 ms (FindLiveObjects: 0.203000 ms CreateObjectMapping: 0.049300 ms MarkObjects: 2.382300 ms  DeleteObjects: 0.109800 ms)

========================================================================
Received Prepare
Registering precompiled user dll's ...
Registered in 0.007756 seconds.
Begin MonoManager ReloadAssembly
Native extension for WindowsStandalone target not found
Refreshing native plugins compatible for Editor in 0.46 ms, found 2 plugins.
Preloading 0 native plugins for Editor in 0.00 ms.
Mono: successfully reloaded assembly
- Completed reload, in  1.288 seconds
Platform modules already initialized, skipping
Refreshing native plugins compatible for Editor in 0.44 ms, found 2 plugins.
Preloading 0 native plugins for Editor in 0.00 ms.
Unloading 1382 Unused Serialized files (Serialized files now loaded: 0)
System memory in use before: 68.6 MB.
System memory in use after: 68.7 MB.

Unloading 14 unused Assets to reduce memory usage. Loaded Objects now: 1888.
Total: 2.494900 ms (FindLiveObjects: 0.191800 ms CreateObjectMapping: 0.048100 ms MarkObjects: 2.150800 ms  DeleteObjects: 0.099200 ms)

========================================================================
Received Prepare
Registering precompiled user dll's ...
Registered in 0.007515 seconds.
Begin MonoManager ReloadAssembly
Native extension for WindowsStandalone target not found
Refreshing native plugins compatible for Editor in 0.39 ms, found 2 plugins.
Preloading 0 native plugins for Editor in 0.00 ms.
Mono: successfully reloaded assembly
- Completed reload, in  1.359 seconds
Platform modules already initialized, skipping
Refreshing native plugins compatible for Editor in 0.44 ms, found 2 plugins.
Preloading 0 native plugins for Editor in 0.00 ms.
Unloading 1382 Unused Serialized files (Serialized files now loaded: 0)
System memory in use before: 68.6 MB.
System memory in use after: 68.7 MB.

Unloading 14 unused Assets to reduce memory usage. Loaded Objects now: 1891.
Total: 2.847600 ms (FindLiveObjects: 0.339400 ms CreateObjectMapping: 0.066700 ms MarkObjects: 2.313600 ms  DeleteObjects: 0.126900 ms)

========================================================================
Received Prepare
Registering precompiled user dll's ...
Registered in 0.008393 seconds.
Begin MonoManager ReloadAssembly
Native extension for WindowsStandalone target not found
Refreshing native plugins compatible for Editor in 0.49 ms, found 2 plugins.
Preloading 0 native plugins for Editor in 0.00 ms.
Mono: successfully reloaded assembly
- Completed reload, in  1.383 seconds
Platform modules already initialized, skipping
Refreshing native plugins compatible for Editor in 0.37 ms, found 2 plugins.
Preloading 0 native plugins for Editor in 0.00 ms.
Unloading 1382 Unused Serialized files (Serialized files now loaded: 0)
System memory in use before: 68.6 MB.
System memory in use after: 68.7 MB.

Unloading 14 unused Assets to reduce memory usage. Loaded Objects now: 1894.
Total: 2.520200 ms (FindLiveObjects: 0.184000 ms CreateObjectMapping: 0.047700 ms MarkObjects: 2.187500 ms  DeleteObjects: 0.099900 ms)

========================================================================
Received Prepare
Registering precompiled user dll's ...
Registered in 0.009569 seconds.
Begin MonoManager ReloadAssembly
Native extension for WindowsStandalone target not found
Refreshing native plugins compatible for Editor in 0.31 ms, found 2 plugins.
Preloading 0 native plugins for Editor in 0.00 ms.
Mono: successfully reloaded assembly
- Completed reload, in  1.283 seconds
Platform modules already initialized, skipping
Refreshing native plugins compatible for Editor in 0.41 ms, found 2 plugins.
Preloading 0 native plugins for Editor in 0.00 ms.
Unloading 1382 Unused Serialized files (Serialized files now loaded: 0)
System memory in use before: 68.6 MB.
System memory in use after: 68.7 MB.

Unloading 14 unused Assets to reduce memory usage. Loaded Objects now: 1897.
Total: 2.426400 ms (FindLiveObjects: 0.176500 ms CreateObjectMapping: 0.047100 ms MarkObjects: 2.144600 ms  DeleteObjects: 0.057100 ms)

========================================================================
Received Prepare
Registering precompiled user dll's ...
Registered in 0.011982 seconds.
Begin MonoManager ReloadAssembly
Native extension for WindowsStandalone target not found
Refreshing native plugins compatible for Editor in 0.32 ms, found 2 plugins.
Preloading 0 native plugins for Editor in 0.00 ms.
Mono: successfully reloaded assembly
- Completed reload, in  1.731 seconds
Platform modules already initialized, skipping
Refreshing native plugins compatible for Editor in 0.35 ms, found 2 plugins.
Preloading 0 native plugins for Editor in 0.00 ms.
Unloading 1382 Unused Serialized files (Serialized files now loaded: 0)
System memory in use before: 68.6 MB.
System memory in use after: 68.7 MB.

Unloading 14 unused Assets to reduce memory usage. Loaded Objects now: 1900.
Total: 2.496100 ms (FindLiveObjects: 0.149200 ms CreateObjectMapping: 0.042900 ms MarkObjects: 2.175900 ms  DeleteObjects: 0.126900 ms)

========================================================================
Received Prepare
Registering precompiled user dll's ...
Registered in 0.008688 seconds.
Begin MonoManager ReloadAssembly
Native extension for WindowsStandalone target not found
Refreshing native plugins compatible for Editor in 0.33 ms, found 2 plugins.
Preloading 0 native plugins for Editor in 0.00 ms.
Mono: successfully reloaded assembly
- Completed reload, in  1.339 seconds
Platform modules already initialized, skipping
Refreshing native plugins compatible for Editor in 0.31 ms, found 2 plugins.
Preloading 0 native plugins for Editor in 0.00 ms.
Unloading 1382 Unused Serialized files (Serialized files now loaded: 0)
System memory in use before: 68.6 MB.
System memory in use after: 68.7 MB.

Unloading 14 unused Assets to reduce memory usage. Loaded Objects now: 1903.
Total: 2.566700 ms (FindLiveObjects: 0.214500 ms CreateObjectMapping: 0.059700 ms MarkObjects: 2.175400 ms  DeleteObjects: 0.115900 ms)

========================================================================
Received Prepare
Registering precompiled user dll's ...
Registered in 0.009255 seconds.
Begin MonoManager ReloadAssembly
Native extension for WindowsStandalone target not found
Refreshing native plugins compatible for Editor in 0.31 ms, found 2 plugins.
Preloading 0 native plugins for Editor in 0.00 ms.
Mono: successfully reloaded assembly
- Completed reload, in  1.269 seconds
Platform modules already initialized, skipping
Refreshing native plugins compatible for Editor in 0.32 ms, found 2 plugins.
Preloading 0 native plugins for Editor in 0.00 ms.
Unloading 1382 Unused Serialized files (Serialized files now loaded: 0)
System memory in use before: 68.6 MB.
System memory in use after: 68.7 MB.

Unloading 14 unused Assets to reduce memory usage. Loaded Objects now: 1906.
Total: 2.428500 ms (FindLiveObjects: 0.171000 ms CreateObjectMapping: 0.048800 ms MarkObjects: 2.089900 ms  DeleteObjects: 0.117800 ms)

========================================================================
Received Prepare
Registering precompiled user dll's ...
Registered in 0.007044 seconds.
Begin MonoManager ReloadAssembly
Native extension for WindowsStandalone target not found
Refreshing native plugins compatible for Editor in 0.33 ms, found 2 plugins.
Preloading 0 native plugins for Editor in 0.00 ms.
Mono: successfully reloaded assembly
- Completed reload, in  1.276 seconds
Platform modules already initialized, skipping
Refreshing native plugins compatible for Editor in 0.36 ms, found 2 plugins.
Preloading 0 native plugins for Editor in 0.00 ms.
Unloading 1382 Unused Serialized files (Serialized files now loaded: 0)
System memory in use before: 68.6 MB.
System memory in use after: 68.7 MB.

Unloading 14 unused Assets to reduce memory usage. Loaded Objects now: 1909.
Total: 2.556600 ms (FindLiveObjects: 0.199800 ms CreateObjectMapping: 0.051000 ms MarkObjects: 2.208200 ms  DeleteObjects: 0.096100 ms)

========================================================================
Received Import Request.
  Time since last request: 3132.588253 seconds.
  path: Assets/scripts/Movement.cs
  artifactKey: Guid(fc6ece372a3695f47bb0d35c9bf8ddcb) Importer(815301076,1909f56bfc062723c751e8b465ee728b)
Start importing Assets/scripts/Movement.cs using Guid(fc6ece372a3695f47bb0d35c9bf8ddcb) Importer(815301076,1909f56bfc062723c751e8b465ee728b)  -> (artifact id: '2406e4dc8dc039dcf86b6a8c5c94766a') in 0.010514 seconds
  Import took 0.031311 seconds .

AssetImportWorkerClient::OnTransportError - code=2 error=End of file
